<?xml version="1.0" encoding="UTF-8"?>
<!-- Generated by org.testng.reporters.JUnitReportReporter -->
<testsuite hostname="DESKTOP-29HORGQ" failures="0" tests="1" name="scripts.TestCase1" time="12.875" errors="0" timestamp="2022-09-10T20:24:22 IST" skipped="0">
  <testcase classname="scripts.TestCase1" name="tc1" time="12.875"/>
  <system-out/>
</testsuite> <!-- scripts.TestCase1 -->
