<?xml version="1.0" encoding="UTF-8"?>
<!-- Generated by org.testng.reporters.JUnitReportReporter -->
<testsuite hostname="DESKTOP-29HORGQ" failures="0" tests="1" name="scripts.TestCase3" time="22.138" errors="0" timestamp="2022-09-10T20:24:22 IST" skipped="0">
  <testcase classname="scripts.TestCase3" name="tc3" time="22.138"/>
  <system-out/>
</testsuite> <!-- scripts.TestCase3 -->
